Determining if the pthread_create exist failed with the following output:
Change Dir: /home/zhihui/MyFiles/Projects/SLAM/carto_slam/cmake-build-release/CMakeFiles/CMakeTmp

Run Build Command:"/usr/bin/make" "cmTC_2c128/fast"
/usr/bin/make -f CMakeFiles/cmTC_2c128.dir/build.make CMakeFiles/cmTC_2c128.dir/build
make[1]: Entering directory '/home/zhihui/MyFiles/Projects/SLAM/carto_slam/cmake-build-release/CMakeFiles/CMakeTmp'
Building C object CMakeFiles/cmTC_2c128.dir/CheckSymbolExists.c.o
/usr/bin/cc    -o CMakeFiles/cmTC_2c128.dir/CheckSymbolExists.c.o   -c /home/zhihui/MyFiles/Projects/SLAM/carto_slam/cmake-build-release/CMakeFiles/CMakeTmp/CheckSymbolExists.c
Linking C executable cmTC_2c128
/home/zhihui/MyFiles/Projects/Software/clion-2018.3.3/bin/cmake/linux/bin/cmake -E cmake_link_script CMakeFiles/cmTC_2c128.dir/link.txt --verbose=1
/usr/bin/cc      -rdynamic CMakeFiles/cmTC_2c128.dir/CheckSymbolExists.c.o  -o cmTC_2c128 
CMakeFiles/cmTC_2c128.dir/CheckSymbolExists.c.o: In function `main':
CheckSymbolExists.c:(.text+0x16): undefined reference to `pthread_create'
collect2: error: ld returned 1 exit status
CMakeFiles/cmTC_2c128.dir/build.make:86: recipe for target 'cmTC_2c128' failed
make[1]: *** [cmTC_2c128] Error 1
make[1]: Leaving directory '/home/zhihui/MyFiles/Projects/SLAM/carto_slam/cmake-build-release/CMakeFiles/CMakeTmp'
Makefile:121: recipe for target 'cmTC_2c128/fast' failed
make: *** [cmTC_2c128/fast] Error 2

File /home/zhihui/MyFiles/Projects/SLAM/carto_slam/cmake-build-release/CMakeFiles/CMakeTmp/CheckSymbolExists.c:
/* */
#include <pthread.h>

int main(int argc, char** argv)
{
  (void)argv;
#ifndef pthread_create
  return ((int*)(&pthread_create))[argc];
#else
  (void)argc;
  return 0;
#endif
}

Determining if the function pthread_create exists in the pthreads failed with the following output:
Change Dir: /home/zhihui/MyFiles/Projects/SLAM/carto_slam/cmake-build-release/CMakeFiles/CMakeTmp

Run Build Command:"/usr/bin/make" "cmTC_b5b00/fast"
/usr/bin/make -f CMakeFiles/cmTC_b5b00.dir/build.make CMakeFiles/cmTC_b5b00.dir/build
make[1]: Entering directory '/home/zhihui/MyFiles/Projects/SLAM/carto_slam/cmake-build-release/CMakeFiles/CMakeTmp'
Building C object CMakeFiles/cmTC_b5b00.dir/CheckFunctionExists.c.o
/usr/bin/cc   -DCHECK_FUNCTION_EXISTS=pthread_create   -o CMakeFiles/cmTC_b5b00.dir/CheckFunctionExists.c.o   -c /home/zhihui/MyFiles/Projects/Software/clion-2018.3.3/bin/cmake/linux/share/cmake-3.13/Modules/CheckFunctionExists.c
Linking C executable cmTC_b5b00
/home/zhihui/MyFiles/Projects/Software/clion-2018.3.3/bin/cmake/linux/bin/cmake -E cmake_link_script CMakeFiles/cmTC_b5b00.dir/link.txt --verbose=1
/usr/bin/cc  -DCHECK_FUNCTION_EXISTS=pthread_create    -rdynamic CMakeFiles/cmTC_b5b00.dir/CheckFunctionExists.c.o  -o cmTC_b5b00 -lpthreads 
/usr/bin/ld: cannot find -lpthreads
collect2: error: ld returned 1 exit status
CMakeFiles/cmTC_b5b00.dir/build.make:86: recipe for target 'cmTC_b5b00' failed
make[1]: *** [cmTC_b5b00] Error 1
make[1]: Leaving directory '/home/zhihui/MyFiles/Projects/SLAM/carto_slam/cmake-build-release/CMakeFiles/CMakeTmp'
Makefile:121: recipe for target 'cmTC_b5b00/fast' failed
make: *** [cmTC_b5b00/fast] Error 2


